<?xml version="1.0" encoding="UTF-8"?>
<testng-results ignored="0" total="2" passed="2" failed="0" skipped="0">
  <reporter-output>
  </reporter-output>
  <suite started-at="2023-07-25T22:41:25 IST" name="Default suite" finished-at="2023-07-25T22:41:27 IST" duration-ms="1717">
    <groups>
    </groups>
    <test started-at="2023-07-25T22:41:25 IST" name="Default test" finished-at="2023-07-25T22:41:27 IST" duration-ms="1717">
      <class name="com.simplilearn.RestAssured_Reqres.AppTest">
        <test-method signature="testGetUsers()[pri:1, instance:com.simplilearn.RestAssured_Reqres.AppTest@55634720]" started-at="2023-07-25T22:41:25 IST" name="testGetUsers" finished-at="2023-07-25T22:41:27 IST" duration-ms="1316" status="PASS">
          <reporter-output>
          </reporter-output>
        </test-method> <!-- testGetUsers -->
        <test-method signature="testCreateUser()[pri:2, instance:com.simplilearn.RestAssured_Reqres.AppTest@55634720]" started-at="2023-07-25T22:41:27 IST" name="testCreateUser" finished-at="2023-07-25T22:41:27 IST" duration-ms="347" status="PASS">
          <reporter-output>
          </reporter-output>
        </test-method> <!-- testCreateUser -->
      </class> <!-- com.simplilearn.RestAssured_Reqres.AppTest -->
    </test> <!-- Default test -->
  </suite> <!-- Default suite -->
</testng-results>
